<?xml version="1.0" encoding="UTF-8"?>
<!-- Generated by org.testng.reporters.JUnitReportReporter -->
<testsuite hostname="WINDOWS-VR8S4HP" failures="0" tests="2" name="qaclickacademy.Mavenjava.AppiumTest" time="0.018" errors="0" timestamp="2022-04-24T20:01:29 IST" skipped="0">
  <testcase classname="qaclickacademy.Mavenjava.AppiumTest" name="deleteTwitter" time="0.017"/>
  <system-out/>
  <testcase classname="qaclickacademy.Mavenjava.AppiumTest" name="postJira" time="0.001"/>
  <system-out/>
</testsuite> <!-- qaclickacademy.Mavenjava.AppiumTest -->
