<?xml version="1.0" encoding="UTF-8"?>
<!-- Generated by org.testng.reporters.JUnitReportReporter -->
<testsuite skipped="0" hostname="WINDOWS-VR8S4HP" name="qaclickacademy.Mavenjava.RestApiTest" tests="2" failures="0" timestamp="2022-04-25T11:05:24 IST" time="0.001" errors="0">
  <testcase name="nativeAppAndroid" time="0.001" classname="qaclickacademy.Mavenjava.RestApiTest"/>
  <system-out/>
  <testcase name="IOSApp" time="0.000" classname="qaclickacademy.Mavenjava.RestApiTest"/>
  <system-out/>
</testsuite> <!-- qaclickacademy.Mavenjava.RestApiTest -->
