<?xml version="1.0" encoding="UTF-8"?>
<!-- Generated by org.testng.reporters.JUnitReportReporter -->
<testsuite skipped="0" hostname="WINDOWS-VR8S4HP" name="qaclickacademy.Mavenjava.AppiumTest" tests="2" failures="0" timestamp="2022-04-25T11:05:24 IST" time="0.014" errors="0">
  <testcase name="postJira" time="0.000" classname="qaclickacademy.Mavenjava.AppiumTest"/>
  <system-out/>
  <testcase name="deleteTwitter" time="0.014" classname="qaclickacademy.Mavenjava.AppiumTest"/>
  <system-out/>
</testsuite> <!-- qaclickacademy.Mavenjava.AppiumTest -->
